<?xml version="1.0" encoding="UTF-8"?>
<!-- Generated by org.testng.reporters.JUnitReportReporter -->
<testsuite hostname="Leenas-MacBook-Pro.local" failures="0" tests="2" name="intelligent.SampleTestAutomation.Baseclass" time="1.844" errors="0" timestamp="2021-03-18T11:49:09 IST" skipped="0">
  <testcase classname="intelligent.SampleTestAutomation.Baseclass" name="launchBrowser" time="1.756"/>
  <system-out/>
  <testcase classname="intelligent.SampleTestAutomation.Baseclass" name="homePageTest" time="0.088"/>
  <system-out/>
</testsuite> <!-- intelligent.SampleTestAutomation.Baseclass -->
