<?xml version="1.0" encoding="UTF-8"?>
<!-- Generated by org.testng.reporters.JUnitReportReporter -->
<testsuite hostname="Leenas-MacBook-Pro.local" failures="0" tests="1" name="intelligent.SampleTestAutomation.SampleTest" time="1.003" errors="0" timestamp="2021-03-17T11:56:35 IST" skipped="0">
  <testcase classname="intelligent.SampleTestAutomation.SampleTest" name="launchBrowser" time="1.003"/>
  <system-out/>
</testsuite> <!-- intelligent.SampleTestAutomation.SampleTest -->
